{
  "stats": {
    "suites": 4,
    "tests": 4,
    "passes": 3,
    "pending": 0,
    "failures": 1,
    "start": "2023-07-19T11:37:50.367Z",
    "end": "2023-07-19T11:42:20.272Z",
    "duration": 269905,
    "testsRegistered": 24,
    "passPercent": 12.5,
    "pendingPercent": 0,
    "other": 0,
    "hasOther": false,
    "skipped": 20,
    "hasSkipped": true
  },
  "results": [
    {
      "uuid": "d5a05dc7-8574-4f4e-891d-b4c65cc8027a",
      "title": "",
      "fullFile": "",
      "file": "",
      "beforeHooks": [],
      "afterHooks": [],
      "tests": [],
      "suites": [
        {
          "uuid": "1a0c2d05-c03c-4247-a92f-1b60c7ee7c71",
          "title": "checkout",
          "fullFile": "D:\\Puppeteer_frameworks\\AS\\tests\\guest_user_dev\\dev_guest_checkout_afterpay_test.js",
          "file": "\\tests\\guest_user_dev\\dev_guest_checkout_afterpay_test.js",
          "beforeHooks": [
            {
              "title": "\"before all\" hook: codeceptjs.beforeSuite",
              "fullTitle": "checkout \"before all\" hook: codeceptjs.beforeSuite",
              "timedOut": false,
              "duration": 0,
              "state": null,
              "speed": null,
              "pass": false,
              "fail": false,
              "pending": false,
              "context": null,
              "code": "scenario.suiteSetup(suite)",
              "err": {},
              "uuid": "64dd2dd0-6184-4da0-81b2-5f5ef2e6c7b3",
              "parentUUID": null,
              "isHook": true,
              "skipped": false
            },
            {
              "title": "\"before each\" hook: codeceptjs.before",
              "fullTitle": "checkout \"before each\" hook: codeceptjs.before",
              "timedOut": false,
              "duration": 0,
              "state": null,
              "speed": null,
              "pass": false,
              "fail": false,
              "pending": false,
              "context": null,
              "code": "scenario.setup(suite)",
              "err": {},
              "uuid": "d141ab61-c06b-499b-9da9-dbd25567566a",
              "parentUUID": null,
              "isHook": true,
              "skipped": false
            }
          ],
          "afterHooks": [
            {
              "title": "\"after all\" hook: codeceptjs.afterSuite",
              "fullTitle": "checkout \"after all\" hook: codeceptjs.afterSuite",
              "timedOut": false,
              "duration": 0,
              "state": null,
              "speed": null,
              "pass": false,
              "fail": false,
              "pending": false,
              "context": null,
              "code": "scenario.suiteTeardown(suite)",
              "err": {},
              "uuid": "ba070073-f5d1-4784-927c-b366cfddc10b",
              "parentUUID": null,
              "isHook": true,
              "skipped": false
            },
            {
              "title": "\"after each\" hook: finalize codeceptjs",
              "fullTitle": "checkout \"after each\" hook: finalize codeceptjs",
              "timedOut": false,
              "duration": 0,
              "state": null,
              "speed": null,
              "pass": false,
              "fail": false,
              "pending": false,
              "context": null,
              "code": "scenario.teardown(suite)",
              "err": {},
              "uuid": "601f5866-9f7c-4fc6-8dab-e4857ff95c64",
              "parentUUID": null,
              "isHook": true,
              "skipped": false
            }
          ],
          "tests": [
            {
              "title": "dev_guest_checkout_afterpay",
              "fullTitle": "checkout: dev_guest_checkout_afterpay",
              "timedOut": false,
              "duration": 0,
              "state": null,
              "speed": null,
              "pass": false,
              "fail": false,
              "pending": false,
              "context": null,
              "code": "I,\nhomePage,\nproductDetailsPage,\nshoppingBagPage,\nyourInformationPage,\nshippingPage,\npaymentPage,\nconfirmationPage,\n  }) => {\nhomePage.openHomePage();\nhomePage.searchProduct(productId.id);\nproductDetailsPage.addProductToBag();\nproductDetailsPage.navigateToShoppingBag();\nshoppingBagPage.navigateToYourInformationStep();\nyourInformationPage.fillShippingForm(\n  shippingAddress.firstName,\n  shippingAddress.lastName,\n  shippingAddress.address1,\n  shippingAddress.addres2,\n  shippingAddress.city,\n  shippingAddress.state,\n  shippingAddress.zipCode,\n  ashleyStewartAddress.emailAddress,\n  shippingAddress.phoneNumber\n);\nyourInformationPage.navigateToShippingPage();\nshippingPage.navigateToPaymentPage();\npaymentPage.selectAndPlaceOrderWithAfterpay(\n  afterPay.userName,\n  afterPay.password\n);\nconfirmationPage.checkOrder();",
              "err": {},
              "uuid": "b0e2ce0d-502e-4813-89dc-bcf93f8520b5",
              "parentUUID": null,
              "isHook": false,
              "skipped": true
            }
          ],
          "suites": [],
          "passes": [],
          "failures": [],
          "pending": [],
          "skipped": [
            "b0e2ce0d-502e-4813-89dc-bcf93f8520b5"
          ],
          "duration": 0,
          "root": false,
          "rootEmpty": false,
          "_timeout": 0
        },
        {
          "uuid": "1f55023a-e1b0-44f3-aebb-c97e700a8876",
          "title": "checkout",
          "fullFile": "D:\\Puppeteer_frameworks\\AS\\tests\\guest_user_dev\\dev_guest_checkout_amex_test.js",
          "file": "\\tests\\guest_user_dev\\dev_guest_checkout_amex_test.js",
          "beforeHooks": [
            {
              "title": "\"before all\" hook: codeceptjs.beforeSuite",
              "fullTitle": "checkout \"before all\" hook: codeceptjs.beforeSuite",
              "timedOut": false,
              "duration": 0,
              "state": null,
              "speed": null,
              "pass": false,
              "fail": false,
              "pending": false,
              "context": null,
              "code": "scenario.suiteSetup(suite)",
              "err": {},
              "uuid": "9b7288f6-ea4f-4ace-bfc4-1a0d54e6bcba",
              "parentUUID": null,
              "isHook": true,
              "skipped": false
            },
            {
              "title": "\"before each\" hook: codeceptjs.before",
              "fullTitle": "checkout \"before each\" hook: codeceptjs.before",
              "timedOut": false,
              "duration": 0,
              "state": null,
              "speed": null,
              "pass": false,
              "fail": false,
              "pending": false,
              "context": null,
              "code": "scenario.setup(suite)",
              "err": {},
              "uuid": "367fd0d0-5671-4052-a9d0-4ca323a0fedc",
              "parentUUID": null,
              "isHook": true,
              "skipped": false
            }
          ],
          "afterHooks": [
            {
              "title": "\"after all\" hook: codeceptjs.afterSuite",
              "fullTitle": "checkout \"after all\" hook: codeceptjs.afterSuite",
              "timedOut": false,
              "duration": 0,
              "state": null,
              "speed": null,
              "pass": false,
              "fail": false,
              "pending": false,
              "context": null,
              "code": "scenario.suiteTeardown(suite)",
              "err": {},
              "uuid": "1ebcc327-8a57-46b7-8a7f-2ff9ed20998e",
              "parentUUID": null,
              "isHook": true,
              "skipped": false
            },
            {
              "title": "\"after each\" hook: finalize codeceptjs",
              "fullTitle": "checkout \"after each\" hook: finalize codeceptjs",
              "timedOut": false,
              "duration": 0,
              "state": null,
              "speed": null,
              "pass": false,
              "fail": false,
              "pending": false,
              "context": null,
              "code": "scenario.teardown(suite)",
              "err": {},
              "uuid": "e01bd395-f970-49bf-8374-508256d64239",
              "parentUUID": null,
              "isHook": true,
              "skipped": false
            }
          ],
          "tests": [
            {
              "title": "dev_guest_checkout_amex",
              "fullTitle": "checkout: dev_guest_checkout_amex",
              "timedOut": false,
              "duration": 0,
              "state": null,
              "speed": null,
              "pass": false,
              "fail": false,
              "pending": false,
              "context": null,
              "code": "I,\nhomePage,\nproductLandingPage,\nproductDetailsPage,\nshoppingBagPage,\nyourInformationPage,\nshippingPage,\npaymentPage,\nconfirmationPage,\n  }) => {\nhomePage.openHomePage();\nhomePage.searchProduct(productId.id);\nproductDetailsPage.addProductToBag();\nproductDetailsPage.navigateToShoppingBag();\nshoppingBagPage.navigateToYourInformationStep();\nyourInformationPage.fillShippingForm(\n  shippingAddress.firstName,\n  shippingAddress.lastName,\n  shippingAddress.address1,\n  shippingAddress.addres2,\n  shippingAddress.city,\n  shippingAddress.state,\n  shippingAddress.zipCode,\n  shippingAddress.emailAddress,\n  shippingAddress.phoneNumber\n);\nyourInformationPage.navigateToShippingPage();\nshippingPage.navigateToPaymentPage();\npaymentPage.fillOutCreditCardform(\n  creditCardAmex.creditCardNumber,\n  creditCardAmex.expDate,\n  creditCardAmex.cvv\n);\npaymentPage.placeOrder();\nconfirmationPage.checkOrder();",
              "err": {},
              "uuid": "b02e808e-4306-4ebb-b4c8-f11853285a80",
              "parentUUID": null,
              "isHook": false,
              "skipped": true
            }
          ],
          "suites": [],
          "passes": [],
          "failures": [],
          "pending": [],
          "skipped": [
            "b02e808e-4306-4ebb-b4c8-f11853285a80"
          ],
          "duration": 0,
          "root": false,
          "rootEmpty": false,
          "_timeout": 0
        },
        {
          "uuid": "696b0834-1657-4188-8f06-051ef5bda1ef",
          "title": "checkout",
          "fullFile": "D:\\Puppeteer_frameworks\\AS\\tests\\guest_user_dev\\dev_guest_checkout_apply_promo_test.js",
          "file": "\\tests\\guest_user_dev\\dev_guest_checkout_apply_promo_test.js",
          "beforeHooks": [
            {
              "title": "\"before all\" hook: codeceptjs.beforeSuite",
              "fullTitle": "checkout \"before all\" hook: codeceptjs.beforeSuite",
              "timedOut": false,
              "duration": 0,
              "state": null,
              "speed": null,
              "pass": false,
              "fail": false,
              "pending": false,
              "context": null,
              "code": "scenario.suiteSetup(suite)",
              "err": {},
              "uuid": "475e047d-926a-4ff4-bf19-0f6c1a192235",
              "parentUUID": null,
              "isHook": true,
              "skipped": false
            },
            {
              "title": "\"before each\" hook: codeceptjs.before",
              "fullTitle": "checkout \"before each\" hook: codeceptjs.before",
              "timedOut": false,
              "duration": 0,
              "state": null,
              "speed": null,
              "pass": false,
              "fail": false,
              "pending": false,
              "context": null,
              "code": "scenario.setup(suite)",
              "err": {},
              "uuid": "0d3c0c42-07c9-4a0f-8985-042748dc7c25",
              "parentUUID": null,
              "isHook": true,
              "skipped": false
            }
          ],
          "afterHooks": [
            {
              "title": "\"after all\" hook: codeceptjs.afterSuite",
              "fullTitle": "checkout \"after all\" hook: codeceptjs.afterSuite",
              "timedOut": false,
              "duration": 0,
              "state": null,
              "speed": null,
              "pass": false,
              "fail": false,
              "pending": false,
              "context": null,
              "code": "scenario.suiteTeardown(suite)",
              "err": {},
              "uuid": "8675b1aa-1b8b-4682-92f5-0028361c6726",
              "parentUUID": null,
              "isHook": true,
              "skipped": false
            },
            {
              "title": "\"after each\" hook: finalize codeceptjs",
              "fullTitle": "checkout \"after each\" hook: finalize codeceptjs",
              "timedOut": false,
              "duration": 0,
              "state": null,
              "speed": null,
              "pass": false,
              "fail": false,
              "pending": false,
              "context": null,
              "code": "scenario.teardown(suite)",
              "err": {},
              "uuid": "00dea5cf-6d38-4c89-b395-bbd57893c6bc",
              "parentUUID": null,
              "isHook": true,
              "skipped": false
            }
          ],
          "tests": [
            {
              "title": "dev_guest_checkout_apply_EXTRA_20%_OFF_ANY_PURCHASE",
              "fullTitle": "checkout: dev_guest_checkout_apply_EXTRA_20%_OFF_ANY_PURCHASE",
              "timedOut": false,
              "duration": 0,
              "state": null,
              "speed": null,
              "pass": false,
              "fail": false,
              "pending": false,
              "context": null,
              "code": "I,\nhomePage,\nproductDetailsPage,\nshoppingBagPage,\nyourInformationPage,\nshippingPage,\npaymentPage,\nconfirmationPage,\n  }) => {\nhomePage.openHomePage();\nhomePage.searchProduct(productId.id);\nproductDetailsPage.addProductToBag();\nhomePage.searchProduct(productId.id3);\nproductDetailsPage.addProductToBag();\nproductDetailsPage.navigateToShoppingBag();\nshoppingBagPage.navigateToYourInformationStep();\nyourInformationPage.fillShippingForm(\n  shippingAddress.firstName,\n  shippingAddress.lastName,\n  shippingAddress.address1,\n  shippingAddress.addres2,\n  shippingAddress.city,\n  shippingAddress.state,\n  shippingAddress.zipCode,\n  shippingAddress.emailAddress,\n  shippingAddress.phoneNumber\n);\nyourInformationPage.navigateToShippingPage();\nshippingPage.navigateToPaymentPage();\npaymentPage.applyPromoOrderDiscount(promoCode.orderDiscount);\npaymentPage.fillOutCreditCardform(\n  creditCardVisa.creditCardNumber,\n  creditCardVisa.expDate,\n  creditCardVisa.cvv\n);\npaymentPage.placeOrder();\nconfirmationPage.checkOrder();",
              "err": {},
              "uuid": "b4203ec7-e319-4610-83c1-679d432e7553",
              "parentUUID": null,
              "isHook": false,
              "skipped": true
            },
            {
              "title": "dev_guest_checkout_apply_FS_ORDER_SFRA99",
              "fullTitle": "checkout: dev_guest_checkout_apply_FS_ORDER_SFRA99",
              "timedOut": false,
              "duration": 0,
              "state": null,
              "speed": null,
              "pass": false,
              "fail": false,
              "pending": false,
              "context": null,
              "code": "I,\nhomePage,\nproductDetailsPage,\nshoppingBagPage,\nyourInformationPage,\nshippingPage,\npaymentPage,\nconfirmationPage,\n  }) => {\nhomePage.openHomePage();\nhomePage.searchProduct(productId.id);\nproductDetailsPage.addProductToBag();\nhomePage.searchProduct(productId.id3);\nproductDetailsPage.addProductToBag();\nhomePage.searchProduct(productId.id4);\nproductDetailsPage.addProductToBag();\nproductDetailsPage.navigateToShoppingBag();\nshoppingBagPage.navigateToYourInformationStep();\nyourInformationPage.fillShippingForm(\n  shippingAddress.firstName,\n  shippingAddress.lastName,\n  shippingAddress.address1,\n  shippingAddress.addres2,\n  shippingAddress.city,\n  shippingAddress.state,\n  shippingAddress.zipCode,\n  shippingAddress.emailAddress,\n  shippingAddress.phoneNumber\n);\nyourInformationPage.navigateToShippingPage();\nshippingPage.navigateToPaymentPage();\n  paymentPage.applyPromoShippingDiscount(promoCode.shippingDiscount);\npaymentPage.fillOutCreditCardform(\n  creditCardVisa.creditCardNumber,\n  creditCardVisa.expDate,\n  creditCardVisa.cvv\n);\npaymentPage.placeOrder();\nconfirmationPage.checkOrder();",
              "err": {},
              "uuid": "04759d97-53ec-43fa-adfa-07d21c93e681",
              "parentUUID": null,
              "isHook": false,
              "skipped": true
            }
          ],
          "suites": [],
          "passes": [],
          "failures": [],
          "pending": [],
          "skipped": [
            "b4203ec7-e319-4610-83c1-679d432e7553",
            "04759d97-53ec-43fa-adfa-07d21c93e681"
          ],
          "duration": 0,
          "root": false,
          "rootEmpty": false,
          "_timeout": 0
        },
        {
          "uuid": "6953a809-aff4-437f-aa80-f8d41013d4d1",
          "title": "checkout",
          "fullFile": "D:\\Puppeteer_frameworks\\AS\\tests\\guest_user_dev\\dev_guest_checkout_ashley_stewart_card_test.js",
          "file": "\\tests\\guest_user_dev\\dev_guest_checkout_ashley_stewart_card_test.js",
          "beforeHooks": [
            {
              "title": "\"before all\" hook: codeceptjs.beforeSuite",
              "fullTitle": "checkout \"before all\" hook: codeceptjs.beforeSuite",
              "timedOut": false,
              "duration": 0,
              "state": null,
              "speed": null,
              "pass": false,
              "fail": false,
              "pending": false,
              "context": null,
              "code": "scenario.suiteSetup(suite)",
              "err": {},
              "uuid": "5f18b5ab-3390-42be-8fa4-2137caf0b173",
              "parentUUID": null,
              "isHook": true,
              "skipped": false
            },
            {
              "title": "\"before each\" hook: codeceptjs.before",
              "fullTitle": "checkout \"before each\" hook: codeceptjs.before",
              "timedOut": false,
              "duration": 0,
              "state": null,
              "speed": null,
              "pass": false,
              "fail": false,
              "pending": false,
              "context": null,
              "code": "scenario.setup(suite)",
              "err": {},
              "uuid": "abbf9ab1-673f-47f7-9ee8-5a89b1ce9b09",
              "parentUUID": null,
              "isHook": true,
              "skipped": false
            }
          ],
          "afterHooks": [
            {
              "title": "\"after all\" hook: codeceptjs.afterSuite",
              "fullTitle": "checkout \"after all\" hook: codeceptjs.afterSuite",
              "timedOut": false,
              "duration": 0,
              "state": null,
              "speed": null,
              "pass": false,
              "fail": false,
              "pending": false,
              "context": null,
              "code": "scenario.suiteTeardown(suite)",
              "err": {},
              "uuid": "f359f900-faf2-42ad-bff9-ca76674f84e1",
              "parentUUID": null,
              "isHook": true,
              "skipped": false
            },
            {
              "title": "\"after each\" hook: finalize codeceptjs",
              "fullTitle": "checkout \"after each\" hook: finalize codeceptjs",
              "timedOut": false,
              "duration": 0,
              "state": null,
              "speed": null,
              "pass": false,
              "fail": false,
              "pending": false,
              "context": null,
              "code": "scenario.teardown(suite)",
              "err": {},
              "uuid": "1e3731e2-18e4-4cfe-90b4-597988eff70e",
              "parentUUID": null,
              "isHook": true,
              "skipped": false
            }
          ],
          "tests": [
            {
              "title": "dev_guest_checkout_ashley_stewart_card_test",
              "fullTitle": "checkout: dev_guest_checkout_ashley_stewart_card_test",
              "timedOut": false,
              "duration": 0,
              "state": null,
              "speed": null,
              "pass": false,
              "fail": false,
              "pending": false,
              "context": null,
              "code": "I,\nhomePage,\nproductDetailsPage,\nshoppingBagPage,\nyourInformationPage,\nshippingPage,\npaymentPage,\nconfirmationPage,\n  }) => {\nhomePage.openHomePage();\nhomePage.searchProduct(productId.id);\nproductDetailsPage.addProductToBag();\nproductDetailsPage.navigateToShoppingBag();\nshoppingBagPage.navigateToYourInformationStep();\nyourInformationPage.fillShippingForm(\n  ashleyStewartAddress.firstName,\n  ashleyStewartAddress.lastName,\n  \n  ashleyStewartAddress.address1,\n  ashleyStewartAddress.addres2,\n  ashleyStewartAddress.city,\n  ashleyStewartAddress.state,\n  ashleyStewartAddress.zipCode,\n  ashleyStewartAddress.emailAddress,\n  ashleyStewartAddress.phoneNumber\n);\nyourInformationPage.navigateToShippingPage();\nshippingPage.navigateToPaymentPage();\npaymentPage.selectAndPlaceOrderWithAshleyStewartCard(\n  ashleyStewartCard.number,\n  ashleyStewartAddress.firstName\n);\npaymentPage.placeOrder();\nconfirmationPage.checkOrder();",
              "err": {},
              "uuid": "2850a01d-0290-48ad-bd4e-22ad43885efe",
              "parentUUID": null,
              "isHook": false,
              "skipped": true
            }
          ],
          "suites": [],
          "passes": [],
          "failures": [],
          "pending": [],
          "skipped": [
            "2850a01d-0290-48ad-bd4e-22ad43885efe"
          ],
          "duration": 0,
          "root": false,
          "rootEmpty": false,
          "_timeout": 0
        },
        {
          "uuid": "c83cbf69-a85d-4b90-92e3-d07f3cd91656",
          "title": "checkout",
          "fullFile": "D:\\Puppeteer_frameworks\\AS\\tests\\guest_user_dev\\dev_guest_checkout_bopis_sth_visa_test.js",
          "file": "\\tests\\guest_user_dev\\dev_guest_checkout_bopis_sth_visa_test.js",
          "beforeHooks": [
            {
              "title": "\"before all\" hook: codeceptjs.beforeSuite",
              "fullTitle": "checkout \"before all\" hook: codeceptjs.beforeSuite",
              "timedOut": false,
              "duration": 0,
              "state": null,
              "speed": null,
              "pass": false,
              "fail": false,
              "pending": false,
              "context": null,
              "code": "scenario.suiteSetup(suite)",
              "err": {},
              "uuid": "3450d9af-193f-45c9-95c9-cb399827a9c8",
              "parentUUID": null,
              "isHook": true,
              "skipped": false
            },
            {
              "title": "\"before each\" hook: codeceptjs.before",
              "fullTitle": "checkout \"before each\" hook: codeceptjs.before",
              "timedOut": false,
              "duration": 0,
              "state": null,
              "speed": null,
              "pass": false,
              "fail": false,
              "pending": false,
              "context": null,
              "code": "scenario.setup(suite)",
              "err": {},
              "uuid": "6d9fb6d8-c270-4abe-a04a-07a55d15b00b",
              "parentUUID": null,
              "isHook": true,
              "skipped": false
            }
          ],
          "afterHooks": [
            {
              "title": "\"after all\" hook: codeceptjs.afterSuite",
              "fullTitle": "checkout \"after all\" hook: codeceptjs.afterSuite",
              "timedOut": false,
              "duration": 0,
              "state": null,
              "speed": null,
              "pass": false,
              "fail": false,
              "pending": false,
              "context": null,
              "code": "scenario.suiteTeardown(suite)",
              "err": {},
              "uuid": "4306f4b9-cbdb-4acb-ab47-bb77643e5552",
              "parentUUID": null,
              "isHook": true,
              "skipped": false
            },
            {
              "title": "\"after each\" hook: finalize codeceptjs",
              "fullTitle": "checkout \"after each\" hook: finalize codeceptjs",
              "timedOut": false,
              "duration": 0,
              "state": null,
              "speed": null,
              "pass": false,
              "fail": false,
              "pending": false,
              "context": null,
              "code": "scenario.teardown(suite)",
              "err": {},
              "uuid": "26d50a0f-4d4c-4ec0-84c4-494483185e03",
              "parentUUID": null,
              "isHook": true,
              "skipped": false
            }
          ],
          "tests": [
            {
              "title": "dev_guest_checkout_bopis_sth_visa",
              "fullTitle": "checkout: dev_guest_checkout_bopis_sth_visa",
              "timedOut": false,
              "duration": 0,
              "state": null,
              "speed": null,
              "pass": false,
              "fail": false,
              "pending": false,
              "context": null,
              "code": "I,\nhomePage,\nproductDetailsPage,\nshoppingBagPage,\nyourInformationPage,\nshippingPage,\npaymentPage,\nconfirmationPage,\n  }) => {\nhomePage.openHomePage();\nhomePage.searchProduct(productId.id3);\nproductDetailsPage.addBopisAndShipToHomeProductsToBag(bopis.zipCode);\nproductDetailsPage.navigateToShoppingBag();\nshoppingBagPage.navigateToYourInformationStep();\nyourInformationPage.fillShippingForm(\n  shippingAddress.firstName,\n  shippingAddress.lastName,\n  shippingAddress.address1,\n  shippingAddress.addres2,\n  shippingAddress.city,\n  shippingAddress.state,\n  shippingAddress.zipCode,\n  shippingAddress.emailAddress,\n  shippingAddress.phoneNumber\n);\nyourInformationPage.navigateToShippingPage();\nshippingPage.navigateToPaymentPage();\npaymentPage.fillOutCreditCardform(\n  creditCardVisa.creditCardNumber,\n  creditCardVisa.expDate,\n  creditCardVisa.cvv\n);\npaymentPage.placeOrder();\nconfirmationPage.checkOrder();",
              "err": {},
              "uuid": "6ec88007-ef26-4ec8-aa28-acde8262afd8",
              "parentUUID": null,
              "isHook": false,
              "skipped": true
            }
          ],
          "suites": [],
          "passes": [],
          "failures": [],
          "pending": [],
          "skipped": [
            "6ec88007-ef26-4ec8-aa28-acde8262afd8"
          ],
          "duration": 0,
          "root": false,
          "rootEmpty": false,
          "_timeout": 0
        },
        {
          "uuid": "4766caa4-224b-4a84-a661-c869685f4e66",
          "title": "checkout",
          "fullFile": "D:\\Puppeteer_frameworks\\AS\\tests\\guest_user_dev\\dev_guest_checkout_discover_test.js",
          "file": "\\tests\\guest_user_dev\\dev_guest_checkout_discover_test.js",
          "beforeHooks": [
            {
              "title": "\"before all\" hook: codeceptjs.beforeSuite",
              "fullTitle": "checkout \"before all\" hook: codeceptjs.beforeSuite",
              "timedOut": false,
              "duration": 0,
              "state": null,
              "speed": null,
              "pass": false,
              "fail": false,
              "pending": false,
              "context": null,
              "code": "scenario.suiteSetup(suite)",
              "err": {},
              "uuid": "98750304-9e6d-4bbe-a81b-741e22788a53",
              "parentUUID": null,
              "isHook": true,
              "skipped": false
            },
            {
              "title": "\"before each\" hook: codeceptjs.before",
              "fullTitle": "checkout \"before each\" hook: codeceptjs.before",
              "timedOut": false,
              "duration": 0,
              "state": null,
              "speed": null,
              "pass": false,
              "fail": false,
              "pending": false,
              "context": null,
              "code": "scenario.setup(suite)",
              "err": {},
              "uuid": "853cfb4f-08e9-4966-a0a1-c7f2ef4dba35",
              "parentUUID": null,
              "isHook": true,
              "skipped": false
            }
          ],
          "afterHooks": [
            {
              "title": "\"after all\" hook: codeceptjs.afterSuite",
              "fullTitle": "checkout \"after all\" hook: codeceptjs.afterSuite",
              "timedOut": false,
              "duration": 0,
              "state": null,
              "speed": null,
              "pass": false,
              "fail": false,
              "pending": false,
              "context": null,
              "code": "scenario.suiteTeardown(suite)",
              "err": {},
              "uuid": "1e51117e-dcab-4111-9c5e-83d7d5008829",
              "parentUUID": null,
              "isHook": true,
              "skipped": false
            },
            {
              "title": "\"after each\" hook: finalize codeceptjs",
              "fullTitle": "checkout \"after each\" hook: finalize codeceptjs",
              "timedOut": false,
              "duration": 0,
              "state": null,
              "speed": null,
              "pass": false,
              "fail": false,
              "pending": false,
              "context": null,
              "code": "scenario.teardown(suite)",
              "err": {},
              "uuid": "aa9b2d90-642e-4dc7-ada0-5365c343d07f",
              "parentUUID": null,
              "isHook": true,
              "skipped": false
            }
          ],
          "tests": [
            {
              "title": "dev_guest_checkout_discover",
              "fullTitle": "checkout: dev_guest_checkout_discover",
              "timedOut": false,
              "duration": 0,
              "state": null,
              "speed": null,
              "pass": false,
              "fail": false,
              "pending": false,
              "context": null,
              "code": "I,\nhomePage,\nproductLandingPage,\nproductDetailsPage,\nshoppingBagPage,\nyourInformationPage,\nshippingPage,\npaymentPage,\nconfirmationPage,\n  }) => {\nhomePage.openHomePage();\nhomePage.searchProduct(productId.id);\nproductDetailsPage.addProductToBag();\nproductDetailsPage.navigateToShoppingBag();\nshoppingBagPage.navigateToYourInformationStep();\nyourInformationPage.fillShippingForm(\n  shippingAddress.firstName,\n  shippingAddress.lastName,\n  shippingAddress.address1,\n  shippingAddress.addres2,\n  shippingAddress.city,\n  shippingAddress.state,\n  shippingAddress.zipCode,\n  shippingAddress.emailAddress,\n  shippingAddress.phoneNumber\n);\nyourInformationPage.navigateToShippingPage();\nshippingPage.navigateToPaymentPage();\npaymentPage.fillOutCreditCardform(\n  creditCardDiscover.creditCardNumber,\n  creditCardDiscover.expDate,\n  creditCardDiscover.cvv\n);\npaymentPage.placeOrder();\nconfirmationPage.checkOrder();",
              "err": {},
              "uuid": "00c03694-0366-4325-9066-134684390ea4",
              "parentUUID": null,
              "isHook": false,
              "skipped": true
            }
          ],
          "suites": [],
          "passes": [],
          "failures": [],
          "pending": [],
          "skipped": [
            "00c03694-0366-4325-9066-134684390ea4"
          ],
          "duration": 0,
          "root": false,
          "rootEmpty": false,
          "_timeout": 0
        },
        {
          "uuid": "cf0ec5d2-1bb5-45b2-ae7c-d52dcb97ca44",
          "title": "checkout",
          "fullFile": "D:\\Puppeteer_frameworks\\AS\\tests\\guest_user_dev\\dev_guest_checkout_master_card_test.js",
          "file": "\\tests\\guest_user_dev\\dev_guest_checkout_master_card_test.js",
          "beforeHooks": [
            {
              "title": "\"before all\" hook: codeceptjs.beforeSuite",
              "fullTitle": "checkout \"before all\" hook: codeceptjs.beforeSuite",
              "timedOut": false,
              "duration": 0,
              "state": null,
              "speed": null,
              "pass": false,
              "fail": false,
              "pending": false,
              "context": null,
              "code": "scenario.suiteSetup(suite)",
              "err": {},
              "uuid": "46427ad3-4119-497e-90a0-bbf1da19a6f0",
              "parentUUID": null,
              "isHook": true,
              "skipped": false
            },
            {
              "title": "\"before each\" hook: codeceptjs.before",
              "fullTitle": "checkout \"before each\" hook: codeceptjs.before",
              "timedOut": false,
              "duration": 0,
              "state": null,
              "speed": null,
              "pass": false,
              "fail": false,
              "pending": false,
              "context": null,
              "code": "scenario.setup(suite)",
              "err": {},
              "uuid": "78ff722d-dec8-4521-b47c-9e9a01541d7a",
              "parentUUID": null,
              "isHook": true,
              "skipped": false
            }
          ],
          "afterHooks": [
            {
              "title": "\"after all\" hook: codeceptjs.afterSuite",
              "fullTitle": "checkout \"after all\" hook: codeceptjs.afterSuite",
              "timedOut": false,
              "duration": 0,
              "state": null,
              "speed": null,
              "pass": false,
              "fail": false,
              "pending": false,
              "context": null,
              "code": "scenario.suiteTeardown(suite)",
              "err": {},
              "uuid": "b57dd965-9c44-411a-b250-1df4d2c54d58",
              "parentUUID": null,
              "isHook": true,
              "skipped": false
            },
            {
              "title": "\"after each\" hook: finalize codeceptjs",
              "fullTitle": "checkout \"after each\" hook: finalize codeceptjs",
              "timedOut": false,
              "duration": 0,
              "state": null,
              "speed": null,
              "pass": false,
              "fail": false,
              "pending": false,
              "context": null,
              "code": "scenario.teardown(suite)",
              "err": {},
              "uuid": "5290cde1-5383-477e-946c-2fe85fd274d3",
              "parentUUID": null,
              "isHook": true,
              "skipped": false
            }
          ],
          "tests": [
            {
              "title": "dev_guest_checkout_master_card",
              "fullTitle": "checkout: dev_guest_checkout_master_card",
              "timedOut": false,
              "duration": 0,
              "state": null,
              "speed": null,
              "pass": false,
              "fail": false,
              "pending": false,
              "context": null,
              "code": "I,\nhomePage,\nproductLandingPage,\nproductDetailsPage,\nshoppingBagPage,\nyourInformationPage,\nshippingPage,\npaymentPage,\nconfirmationPage,\n  }) => {\nhomePage.openHomePage();\nhomePage.searchProduct(productId.id);\nproductDetailsPage.addProductToBag();\nproductDetailsPage.navigateToShoppingBag();\nshoppingBagPage.navigateToYourInformationStep();\nyourInformationPage.fillShippingForm(\n  shippingAddress.firstName,\n  shippingAddress.lastName,\n  shippingAddress.address1,\n  shippingAddress.addres2,\n  shippingAddress.city,\n  shippingAddress.state,\n  shippingAddress.zipCode,\n  shippingAddress.emailAddress,\n  shippingAddress.phoneNumber\n);\nyourInformationPage.navigateToShippingPage();\nshippingPage.navigateToPaymentPage();\npaymentPage.fillOutCreditCardform(\n  creditCardMasterCard.creditCardNumber,\n  creditCardMasterCard.expDate,\n  creditCardMasterCard.cvv\n);\npaymentPage.placeOrder();\nconfirmationPage.checkOrder();",
              "err": {},
              "uuid": "94aee8ec-2f6c-4d7f-ab20-2ce4e27f4d6f",
              "parentUUID": null,
              "isHook": false,
              "skipped": true
            }
          ],
          "suites": [],
          "passes": [],
          "failures": [],
          "pending": [],
          "skipped": [
            "94aee8ec-2f6c-4d7f-ab20-2ce4e27f4d6f"
          ],
          "duration": 0,
          "root": false,
          "rootEmpty": false,
          "_timeout": 0
        },
        {
          "uuid": "15913f44-d6a6-485b-b92f-1f935603c0c5",
          "title": "checkout",
          "fullFile": "D:\\Puppeteer_frameworks\\AS\\tests\\guest_user_dev\\dev_guest_checkout_paypal_test.js",
          "file": "\\tests\\guest_user_dev\\dev_guest_checkout_paypal_test.js",
          "beforeHooks": [
            {
              "title": "\"before all\" hook: codeceptjs.beforeSuite",
              "fullTitle": "checkout \"before all\" hook: codeceptjs.beforeSuite",
              "timedOut": false,
              "duration": 0,
              "state": null,
              "speed": null,
              "pass": false,
              "fail": false,
              "pending": false,
              "context": null,
              "code": "scenario.suiteSetup(suite)",
              "err": {},
              "uuid": "1ca9a9d1-f981-4bbc-b534-199dce93166e",
              "parentUUID": null,
              "isHook": true,
              "skipped": false
            },
            {
              "title": "\"before each\" hook: codeceptjs.before",
              "fullTitle": "checkout \"before each\" hook: codeceptjs.before",
              "timedOut": false,
              "duration": 0,
              "state": null,
              "speed": null,
              "pass": false,
              "fail": false,
              "pending": false,
              "context": null,
              "code": "scenario.setup(suite)",
              "err": {},
              "uuid": "98e4e1d5-9fae-4cdd-bf7f-c3aeda4caf33",
              "parentUUID": null,
              "isHook": true,
              "skipped": false
            }
          ],
          "afterHooks": [
            {
              "title": "\"after all\" hook: codeceptjs.afterSuite",
              "fullTitle": "checkout \"after all\" hook: codeceptjs.afterSuite",
              "timedOut": false,
              "duration": 0,
              "state": null,
              "speed": null,
              "pass": false,
              "fail": false,
              "pending": false,
              "context": null,
              "code": "scenario.suiteTeardown(suite)",
              "err": {},
              "uuid": "e60a0edb-0049-494a-9de7-dc0d37aa680f",
              "parentUUID": null,
              "isHook": true,
              "skipped": false
            },
            {
              "title": "\"after each\" hook: finalize codeceptjs",
              "fullTitle": "checkout \"after each\" hook: finalize codeceptjs",
              "timedOut": false,
              "duration": 0,
              "state": null,
              "speed": null,
              "pass": false,
              "fail": false,
              "pending": false,
              "context": null,
              "code": "scenario.teardown(suite)",
              "err": {},
              "uuid": "ba593fce-455e-4b57-b7f6-68a61007d4e1",
              "parentUUID": null,
              "isHook": true,
              "skipped": false
            }
          ],
          "tests": [
            {
              "title": "dev_guest_checkout_paypal",
              "fullTitle": "checkout: dev_guest_checkout_paypal",
              "timedOut": false,
              "duration": 0,
              "state": null,
              "speed": null,
              "pass": false,
              "fail": false,
              "pending": false,
              "context": null,
              "code": "I,\nhomePage,\nproductDetailsPage,\nshoppingBagPage,\nyourInformationPage,\nshippingPage,\npaymentPage,\nconfirmationPage,\n  }) => {\nhomePage.openHomePage();\nhomePage.searchProduct(productId.id);\nproductDetailsPage.addProductToBag();\nproductDetailsPage.navigateToShoppingBag();\nshoppingBagPage.navigateToYourInformationStep();\nyourInformationPage.fillShippingForm(\n  shippingAddress.firstName,\n  shippingAddress.lastName,\n  shippingAddress.address1,\n  shippingAddress.addres2,\n  shippingAddress.city,\n  shippingAddress.state,\n  shippingAddress.zipCode,\n  shippingAddress.emailAddress,\n  shippingAddress.phoneNumber\n);\nyourInformationPage.navigateToShippingPage();\nshippingPage.navigateToPaymentPage();\npaymentPage.selectAndPlaceOrderWithPayPal(payPal.userName, payPal.password);\nconfirmationPage.checkOrder();",
              "err": {},
              "uuid": "1a7107c9-ae66-4d56-a206-8c833208dff0",
              "parentUUID": null,
              "isHook": false,
              "skipped": true
            }
          ],
          "suites": [],
          "passes": [],
          "failures": [],
          "pending": [],
          "skipped": [
            "1a7107c9-ae66-4d56-a206-8c833208dff0"
          ],
          "duration": 0,
          "root": false,
          "rootEmpty": false,
          "_timeout": 0
        },
        {
          "uuid": "f5a8c6de-2c5d-46d1-84c8-392480ca5c1d",
          "title": "checkout",
          "fullFile": "D:\\Puppeteer_frameworks\\AS\\tests\\guest_user_dev\\dev_guest_checkout_visa_test.js",
          "file": "\\tests\\guest_user_dev\\dev_guest_checkout_visa_test.js",
          "beforeHooks": [
            {
              "title": "\"before all\" hook: codeceptjs.beforeSuite",
              "fullTitle": "checkout \"before all\" hook: codeceptjs.beforeSuite",
              "timedOut": false,
              "duration": 0,
              "state": null,
              "speed": null,
              "pass": false,
              "fail": false,
              "pending": false,
              "context": null,
              "code": "scenario.suiteSetup(suite)",
              "err": {},
              "uuid": "7e60b175-4c77-40d7-95d8-1869e3364892",
              "parentUUID": null,
              "isHook": true,
              "skipped": false
            },
            {
              "title": "\"before each\" hook: codeceptjs.before",
              "fullTitle": "checkout \"before each\" hook: codeceptjs.before",
              "timedOut": false,
              "duration": 0,
              "state": null,
              "speed": null,
              "pass": false,
              "fail": false,
              "pending": false,
              "context": null,
              "code": "scenario.setup(suite)",
              "err": {},
              "uuid": "39e9109d-5178-4d8e-a9d4-83bb688e96a4",
              "parentUUID": null,
              "isHook": true,
              "skipped": false
            }
          ],
          "afterHooks": [
            {
              "title": "\"after all\" hook: codeceptjs.afterSuite",
              "fullTitle": "checkout \"after all\" hook: codeceptjs.afterSuite",
              "timedOut": false,
              "duration": 0,
              "state": null,
              "speed": null,
              "pass": false,
              "fail": false,
              "pending": false,
              "context": null,
              "code": "scenario.suiteTeardown(suite)",
              "err": {},
              "uuid": "e925f8d1-85a0-4fc0-954d-fc34146612ef",
              "parentUUID": null,
              "isHook": true,
              "skipped": false
            },
            {
              "title": "\"after each\" hook: finalize codeceptjs",
              "fullTitle": "checkout \"after each\" hook: finalize codeceptjs",
              "timedOut": false,
              "duration": 0,
              "state": null,
              "speed": null,
              "pass": false,
              "fail": false,
              "pending": false,
              "context": null,
              "code": "scenario.teardown(suite)",
              "err": {},
              "uuid": "5bdc237b-677f-4bbd-922e-a0788db8d38e",
              "parentUUID": null,
              "isHook": true,
              "skipped": false
            }
          ],
          "tests": [
            {
              "title": "dev_guest_checkout_visa",
              "fullTitle": "checkout: dev_guest_checkout_visa",
              "timedOut": false,
              "duration": 0,
              "state": null,
              "speed": null,
              "pass": false,
              "fail": false,
              "pending": false,
              "context": null,
              "code": "I,\nhomePage,\nproductLandingPage,\nproductDetailsPage,\nshoppingBagPage,\nyourInformationPage,\nshippingPage,\npaymentPage,\nconfirmationPage,\n  }) => {\nhomePage.openHomePage();\nhomePage.searchProduct(productId.id);\nproductDetailsPage.addProductToBag();\nproductDetailsPage.navigateToShoppingBag();\nshoppingBagPage.navigateToYourInformationStep();\nyourInformationPage.fillShippingForm(\n  shippingAddress.firstName,\n  shippingAddress.lastName,\n  shippingAddress.address1,\n  shippingAddress.addres2,\n  shippingAddress.city,\n  shippingAddress.state,\n  shippingAddress.zipCode,\n  shippingAddress.emailAddress,\n  shippingAddress.phoneNumber\n);\nyourInformationPage.navigateToShippingPage();\nshippingPage.navigateToPaymentPage();\npaymentPage.fillOutCreditCardform(\n  creditCardVisa.creditCardNumber,\n  creditCardVisa.expDate,\n  creditCardVisa.cvv\n);\npaymentPage.placeOrder();\nconfirmationPage.checkOrder();",
              "err": {},
              "uuid": "287c35ec-88f1-4a3b-beb8-27c297c62ba4",
              "parentUUID": null,
              "isHook": false,
              "skipped": true
            }
          ],
          "suites": [],
          "passes": [],
          "failures": [],
          "pending": [],
          "skipped": [
            "287c35ec-88f1-4a3b-beb8-27c297c62ba4"
          ],
          "duration": 0,
          "root": false,
          "rootEmpty": false,
          "_timeout": 0
        },
        {
          "uuid": "bbc7770b-7b12-49bf-baf8-d2c44887be8c",
          "title": "checkout",
          "fullFile": "D:\\Puppeteer_frameworks\\AS\\tests\\guest_user_stg\\guest_checkout_afterpay_stg_test.js",
          "file": "\\tests\\guest_user_stg\\guest_checkout_afterpay_stg_test.js",
          "beforeHooks": [
            {
              "title": "\"before all\" hook: codeceptjs.beforeSuite",
              "fullTitle": "checkout \"before all\" hook: codeceptjs.beforeSuite",
              "timedOut": false,
              "duration": 0,
              "state": null,
              "speed": null,
              "pass": false,
              "fail": false,
              "pending": false,
              "context": null,
              "code": "scenario.suiteSetup(suite)",
              "err": {},
              "uuid": "61c8501f-85d5-41fb-afce-aeb8f75e81e2",
              "parentUUID": null,
              "isHook": true,
              "skipped": false
            },
            {
              "title": "\"before each\" hook: codeceptjs.before",
              "fullTitle": "checkout \"before each\" hook: codeceptjs.before",
              "timedOut": false,
              "duration": 0,
              "state": null,
              "speed": null,
              "pass": false,
              "fail": false,
              "pending": false,
              "context": null,
              "code": "scenario.setup(suite)",
              "err": {},
              "uuid": "aaa8a901-2c41-456d-affc-22fb4bb8a504",
              "parentUUID": null,
              "isHook": true,
              "skipped": false
            }
          ],
          "afterHooks": [
            {
              "title": "\"after all\" hook: codeceptjs.afterSuite",
              "fullTitle": "checkout \"after all\" hook: codeceptjs.afterSuite",
              "timedOut": false,
              "duration": 0,
              "state": null,
              "speed": null,
              "pass": false,
              "fail": false,
              "pending": false,
              "context": null,
              "code": "scenario.suiteTeardown(suite)",
              "err": {},
              "uuid": "2ea12650-d879-43a2-8bff-5aa06613e0db",
              "parentUUID": null,
              "isHook": true,
              "skipped": false
            },
            {
              "title": "\"after each\" hook: finalize codeceptjs",
              "fullTitle": "checkout \"after each\" hook: finalize codeceptjs",
              "timedOut": false,
              "duration": 0,
              "state": null,
              "speed": null,
              "pass": false,
              "fail": false,
              "pending": false,
              "context": null,
              "code": "scenario.teardown(suite)",
              "err": {},
              "uuid": "98b0a94c-d25a-4f6b-ba75-4a1423267468",
              "parentUUID": null,
              "isHook": true,
              "skipped": false
            }
          ],
          "tests": [
            {
              "title": "guest_checkout_afterpay_stg",
              "fullTitle": "checkout: guest_checkout_afterpay_stg",
              "timedOut": false,
              "duration": 0,
              "state": null,
              "speed": null,
              "pass": false,
              "fail": false,
              "pending": false,
              "context": null,
              "code": "I,\nhomePage,\nproductDetailsPage,\nshoppingBagPage,\nyourInformationPage,\nshippingPage,\npaymentPage,\nconfirmationPage,\n  }) => {\nhomePage.openHomePageStg();\nhomePage.searchProduct(productId.id);\nproductDetailsPage.addProductToBag();\nproductDetailsPage.navigateToShoppingBag();\nshoppingBagPage.navigateToYourInformationStep();\nyourInformationPage.fillShippingForm(\n  shippingAddress.firstName,\n  shippingAddress.lastName,\n  shippingAddress.address1,\n  shippingAddress.addres2,\n  shippingAddress.city,\n  shippingAddress.state,\n  shippingAddress.zipCode,\n  shippingAddress.emailAddress,\n  shippingAddress.phoneNumber\n);\nyourInformationPage.navigateToShippingPage();\nshippingPage.navigateToPaymentPage();\npaymentPage.selectAndPlaceOrderWithAfterpay(\n  afterPay.userName,\n  afterPay.password\n);\nconfirmationPage.checkOrder();",
              "err": {},
              "uuid": "66d0f0c8-a292-492f-831f-f68f2f261ee7",
              "parentUUID": null,
              "isHook": false,
              "skipped": true
            }
          ],
          "suites": [],
          "passes": [],
          "failures": [],
          "pending": [],
          "skipped": [
            "66d0f0c8-a292-492f-831f-f68f2f261ee7"
          ],
          "duration": 0,
          "root": false,
          "rootEmpty": false,
          "_timeout": 0
        },
        {
          "uuid": "7093d345-593a-4be2-b8aa-d3110160bff2",
          "title": "checkout",
          "fullFile": "D:\\Puppeteer_frameworks\\AS\\tests\\guest_user_stg\\guest_checkout_amex_stg_test.js",
          "file": "\\tests\\guest_user_stg\\guest_checkout_amex_stg_test.js",
          "beforeHooks": [
            {
              "title": "\"before all\" hook: codeceptjs.beforeSuite",
              "fullTitle": "checkout \"before all\" hook: codeceptjs.beforeSuite",
              "timedOut": false,
              "duration": 0,
              "state": null,
              "speed": null,
              "pass": false,
              "fail": false,
              "pending": false,
              "context": null,
              "code": "scenario.suiteSetup(suite)",
              "err": {},
              "uuid": "b802fbd9-aee0-4775-9644-df079e47315d",
              "parentUUID": null,
              "isHook": true,
              "skipped": false
            },
            {
              "title": "\"before each\" hook: codeceptjs.before",
              "fullTitle": "checkout \"before each\" hook: codeceptjs.before",
              "timedOut": false,
              "duration": 0,
              "state": null,
              "speed": null,
              "pass": false,
              "fail": false,
              "pending": false,
              "context": null,
              "code": "scenario.setup(suite)",
              "err": {},
              "uuid": "46ee7e32-8c6e-4904-a919-fd64abc51563",
              "parentUUID": null,
              "isHook": true,
              "skipped": false
            }
          ],
          "afterHooks": [
            {
              "title": "\"after all\" hook: codeceptjs.afterSuite",
              "fullTitle": "checkout \"after all\" hook: codeceptjs.afterSuite",
              "timedOut": false,
              "duration": 0,
              "state": null,
              "speed": null,
              "pass": false,
              "fail": false,
              "pending": false,
              "context": null,
              "code": "scenario.suiteTeardown(suite)",
              "err": {},
              "uuid": "db44fba0-4e51-408f-b7e0-a6dfd16c42fa",
              "parentUUID": null,
              "isHook": true,
              "skipped": false
            },
            {
              "title": "\"after each\" hook: finalize codeceptjs",
              "fullTitle": "checkout \"after each\" hook: finalize codeceptjs",
              "timedOut": false,
              "duration": 0,
              "state": null,
              "speed": null,
              "pass": false,
              "fail": false,
              "pending": false,
              "context": null,
              "code": "scenario.teardown(suite)",
              "err": {},
              "uuid": "38f9fc60-079e-42fb-99ea-291ccbb17646",
              "parentUUID": null,
              "isHook": true,
              "skipped": false
            }
          ],
          "tests": [
            {
              "title": "guest_checkout_amex_stg",
              "fullTitle": "checkout: guest_checkout_amex_stg",
              "timedOut": false,
              "duration": 0,
              "state": null,
              "speed": null,
              "pass": false,
              "fail": false,
              "pending": false,
              "context": null,
              "code": "I,\nhomePage,\nproductLandingPage,\nproductDetailsPage,\nshoppingBagPage,\nyourInformationPage,\nshippingPage,\npaymentPage,\nconfirmationPage,\n  }) => {\nhomePage.openHomePageStg();\nhomePage.searchProduct(productId.id);\nproductDetailsPage.addProductToBag();\nproductDetailsPage.navigateToShoppingBag();\nshoppingBagPage.navigateToYourInformationStep();\nyourInformationPage.fillShippingForm(\n  shippingAddress.firstName,\n  shippingAddress.lastName,\n  shippingAddress.address1,\n  shippingAddress.addres2,\n  shippingAddress.city,\n  shippingAddress.state,\n  shippingAddress.zipCode,\n  shippingAddress.emailAddress,\n  shippingAddress.phoneNumber\n);\nyourInformationPage.navigateToShippingPage();\nshippingPage.navigateToPaymentPage();\npaymentPage.fillOutCreditCardform(\n  creditCardAmex.creditCardNumber,\n  creditCardAmex.expDate,\n  creditCardAmex.cvv\n);\npaymentPage.placeOrder();\nconfirmationPage.checkOrder();",
              "err": {},
              "uuid": "320c626e-7ba5-4c5b-9f63-23caa1bbabdf",
              "parentUUID": null,
              "isHook": false,
              "skipped": true
            }
          ],
          "suites": [],
          "passes": [],
          "failures": [],
          "pending": [],
          "skipped": [
            "320c626e-7ba5-4c5b-9f63-23caa1bbabdf"
          ],
          "duration": 0,
          "root": false,
          "rootEmpty": false,
          "_timeout": 0
        },
        {
          "uuid": "81b632fe-6a02-4ba2-b505-5c748bbc69b3",
          "title": "checkout",
          "fullFile": "D:\\Puppeteer_frameworks\\AS\\tests\\guest_user_stg\\guest_checkout_apply_promo_stg_test.js",
          "file": "\\tests\\guest_user_stg\\guest_checkout_apply_promo_stg_test.js",
          "beforeHooks": [
            {
              "title": "\"before all\" hook: codeceptjs.beforeSuite",
              "fullTitle": "checkout \"before all\" hook: codeceptjs.beforeSuite",
              "timedOut": false,
              "duration": 0,
              "state": null,
              "speed": null,
              "pass": false,
              "fail": false,
              "pending": false,
              "context": null,
              "code": "scenario.suiteSetup(suite)",
              "err": {},
              "uuid": "e90e2a1f-70de-4178-81f3-3902bc7d4f2e",
              "parentUUID": null,
              "isHook": true,
              "skipped": false
            },
            {
              "title": "\"before each\" hook: codeceptjs.before",
              "fullTitle": "checkout \"before each\" hook: codeceptjs.before",
              "timedOut": false,
              "duration": 0,
              "state": null,
              "speed": null,
              "pass": false,
              "fail": false,
              "pending": false,
              "context": null,
              "code": "scenario.setup(suite)",
              "err": {},
              "uuid": "a1993906-8b89-4348-9ebc-3a3f90e66aed",
              "parentUUID": null,
              "isHook": true,
              "skipped": false
            }
          ],
          "afterHooks": [
            {
              "title": "\"after all\" hook: codeceptjs.afterSuite",
              "fullTitle": "checkout \"after all\" hook: codeceptjs.afterSuite",
              "timedOut": false,
              "duration": 0,
              "state": null,
              "speed": null,
              "pass": false,
              "fail": false,
              "pending": false,
              "context": null,
              "code": "scenario.suiteTeardown(suite)",
              "err": {},
              "uuid": "eb5a99ee-0399-45f5-b0b1-a556bcf546a6",
              "parentUUID": null,
              "isHook": true,
              "skipped": false
            },
            {
              "title": "\"after each\" hook: finalize codeceptjs",
              "fullTitle": "checkout \"after each\" hook: finalize codeceptjs",
              "timedOut": false,
              "duration": 0,
              "state": null,
              "speed": null,
              "pass": false,
              "fail": false,
              "pending": false,
              "context": null,
              "code": "scenario.teardown(suite)",
              "err": {},
              "uuid": "2430ea62-4050-46c8-973b-9dcd1e08b54e",
              "parentUUID": null,
              "isHook": true,
              "skipped": false
            }
          ],
          "tests": [
            {
              "title": "guest_checkout_stg_apply_EXTRA_20%_OFF_ANY_PURCHASE",
              "fullTitle": "checkout: guest_checkout_stg_apply_EXTRA_20%_OFF_ANY_PURCHASE",
              "timedOut": false,
              "duration": 0,
              "state": null,
              "speed": null,
              "pass": false,
              "fail": false,
              "pending": false,
              "context": null,
              "code": "I,\nhomePage,\nproductDetailsPage,\nshoppingBagPage,\nyourInformationPage,\nshippingPage,\npaymentPage,\nconfirmationPage,\n  }) => {\nhomePage.openHomePage();\nhomePage.searchProduct(productId.id);\nproductDetailsPage.addProductToBag();\nhomePage.searchProduct(productId.id3);\nproductDetailsPage.addProductToBag();\nproductDetailsPage.navigateToShoppingBag();\nshoppingBagPage.navigateToYourInformationStep();\nyourInformationPage.fillShippingForm(\n  shippingAddress.firstName,\n  shippingAddress.lastName,\n  shippingAddress.address1,\n  shippingAddress.addres2,\n  shippingAddress.city,\n  shippingAddress.state,\n  shippingAddress.zipCode,\n  shippingAddress.emailAddress,\n  shippingAddress.phoneNumber\n);\nyourInformationPage.navigateToShippingPage();\nshippingPage.navigateToPaymentPage();\npaymentPage.applyPromoOrderDiscount(promoCode.orderDiscount);\npaymentPage.fillOutCreditCardform(\n  creditCardVisa.creditCardNumber,\n  creditCardVisa.expDate,\n  creditCardVisa.cvv\n);\npaymentPage.placeOrder();\nconfirmationPage.checkOrder();",
              "err": {},
              "uuid": "30a77593-08e1-4e04-b603-a7608d8172fd",
              "parentUUID": null,
              "isHook": false,
              "skipped": true
            },
            {
              "title": "guest_checkout_stg_apply_FS_ORDER_SFRA99",
              "fullTitle": "checkout: guest_checkout_stg_apply_FS_ORDER_SFRA99",
              "timedOut": false,
              "duration": 0,
              "state": null,
              "speed": null,
              "pass": false,
              "fail": false,
              "pending": false,
              "context": null,
              "code": "I,\nhomePage,\nproductDetailsPage,\nshoppingBagPage,\nyourInformationPage,\nshippingPage,\npaymentPage,\nconfirmationPage,\n  }) => {\nhomePage.openHomePage();\nhomePage.searchProduct(productId.id);\nproductDetailsPage.addProductToBag();\nhomePage.searchProduct(productId.id3);\nproductDetailsPage.addProductToBag();\nproductDetailsPage.addProductToBag();\nhomePage.searchProduct(productId.id4);\nproductDetailsPage.addProductToBag();\nproductDetailsPage.addProductToBag();\nhomePage.searchProduct(productId.id5);\nproductDetailsPage.addProductToBag();\nproductDetailsPage.navigateToShoppingBag();\nshoppingBagPage.navigateToYourInformationStep();\nyourInformationPage.fillShippingForm(\n  shippingAddress.firstName,\n  shippingAddress.lastName,\n  shippingAddress.address1,\n  shippingAddress.addres2,\n  shippingAddress.city,\n  shippingAddress.state,\n  shippingAddress.zipCode,\n  shippingAddress.emailAddress,\n  shippingAddress.phoneNumber\n);\nyourInformationPage.navigateToShippingPage();\nshippingPage.navigateToPaymentPage();\npaymentPage.applyPromoShippingDiscount(promoCode.shippingDiscount);\npaymentPage.fillOutCreditCardform(\n  creditCardVisa.creditCardNumber,\n  creditCardVisa.expDate,\n  creditCardVisa.cvv\n);\npaymentPage.placeOrder();\nconfirmationPage.checkOrder();",
              "err": {},
              "uuid": "79be4ce7-c12b-45fe-ac4b-8c31a8058c08",
              "parentUUID": null,
              "isHook": false,
              "skipped": true
            }
          ],
          "suites": [],
          "passes": [],
          "failures": [],
          "pending": [],
          "skipped": [
            "30a77593-08e1-4e04-b603-a7608d8172fd",
            "79be4ce7-c12b-45fe-ac4b-8c31a8058c08"
          ],
          "duration": 0,
          "root": false,
          "rootEmpty": false,
          "_timeout": 0
        },
        {
          "uuid": "ac48f02d-5fd0-42d1-a678-f7a2dab65e7b",
          "title": "checkout",
          "fullFile": "D:\\Puppeteer_frameworks\\AS\\tests\\guest_user_stg\\guest_checkout_ashley_stewart_card_stg_test.js",
          "file": "\\tests\\guest_user_stg\\guest_checkout_ashley_stewart_card_stg_test.js",
          "beforeHooks": [
            {
              "title": "\"before all\" hook: codeceptjs.beforeSuite",
              "fullTitle": "checkout \"before all\" hook: codeceptjs.beforeSuite",
              "timedOut": false,
              "duration": 0,
              "state": null,
              "speed": null,
              "pass": false,
              "fail": false,
              "pending": false,
              "context": null,
              "code": "scenario.suiteSetup(suite)",
              "err": {},
              "uuid": "b1ae4b37-c768-48e7-a533-30d51019c313",
              "parentUUID": null,
              "isHook": true,
              "skipped": false
            },
            {
              "title": "\"before each\" hook: codeceptjs.before",
              "fullTitle": "checkout \"before each\" hook: codeceptjs.before",
              "timedOut": false,
              "duration": 0,
              "state": null,
              "speed": null,
              "pass": false,
              "fail": false,
              "pending": false,
              "context": null,
              "code": "scenario.setup(suite)",
              "err": {},
              "uuid": "ff507e8b-b616-4258-9b7a-663d2848ed8c",
              "parentUUID": null,
              "isHook": true,
              "skipped": false
            }
          ],
          "afterHooks": [
            {
              "title": "\"after all\" hook: codeceptjs.afterSuite",
              "fullTitle": "checkout \"after all\" hook: codeceptjs.afterSuite",
              "timedOut": false,
              "duration": 0,
              "state": null,
              "speed": null,
              "pass": false,
              "fail": false,
              "pending": false,
              "context": null,
              "code": "scenario.suiteTeardown(suite)",
              "err": {},
              "uuid": "3ff9e22e-7d30-4ecf-94c8-8d6d81445be2",
              "parentUUID": null,
              "isHook": true,
              "skipped": false
            },
            {
              "title": "\"after each\" hook: finalize codeceptjs",
              "fullTitle": "checkout \"after each\" hook: finalize codeceptjs",
              "timedOut": false,
              "duration": 0,
              "state": null,
              "speed": null,
              "pass": false,
              "fail": false,
              "pending": false,
              "context": null,
              "code": "scenario.teardown(suite)",
              "err": {},
              "uuid": "2c3ed8ff-f26a-4797-b6a9-0e2b2eb7ed05",
              "parentUUID": null,
              "isHook": true,
              "skipped": false
            }
          ],
          "tests": [
            {
              "title": "guest_checkout_ashley_stewart_card_stg_test",
              "fullTitle": "checkout: guest_checkout_ashley_stewart_card_stg_test",
              "timedOut": false,
              "duration": 0,
              "state": null,
              "speed": null,
              "pass": false,
              "fail": false,
              "pending": false,
              "context": null,
              "code": "I,\nhomePage,\nproductDetailsPage,\nshoppingBagPage,\nyourInformationPage,\nshippingPage,\npaymentPage,\nconfirmationPage,\n  }) => {\nhomePage.openHomePageStg();\nhomePage.searchProduct(productId.id);\nproductDetailsPage.addProductToBag();\nproductDetailsPage.navigateToShoppingBag();\nshoppingBagPage.navigateToYourInformationStep();\nyourInformationPage.fillShippingForm(\n  ashleyStewartAddress.firstName,\n  ashleyStewartAddress.lastName,\n  ashleyStewartAddress.address1,\n  ashleyStewartAddress.addres2,\n  ashleyStewartAddress.city,\n  ashleyStewartAddress.state,\n  ashleyStewartAddress.zipCode,\n  ashleyStewartAddress.emailAddress,\n  ashleyStewartAddress.phoneNumber\n);\nyourInformationPage.navigateToShippingPage();\nshippingPage.navigateToPaymentPage();\npaymentPage.selectAndPlaceOrderWithAshleyStewartCard(\n  ashleyStewartCard.number,\n  ashleyStewartAddress.firstName\n);\npaymentPage.placeOrder();\nconfirmationPage.checkOrder();",
              "err": {},
              "uuid": "6259f695-7372-45e7-be75-b4330e1cb09c",
              "parentUUID": null,
              "isHook": false,
              "skipped": true
            }
          ],
          "suites": [],
          "passes": [],
          "failures": [],
          "pending": [],
          "skipped": [
            "6259f695-7372-45e7-be75-b4330e1cb09c"
          ],
          "duration": 0,
          "root": false,
          "rootEmpty": false,
          "_timeout": 0
        },
        {
          "uuid": "cf20a712-8498-4c42-b3bd-151bad17f76b",
          "title": "checkout",
          "fullFile": "D:\\Puppeteer_frameworks\\AS\\tests\\guest_user_stg\\guest_checkout_bopis_sth_visa_stg_test.js",
          "file": "\\tests\\guest_user_stg\\guest_checkout_bopis_sth_visa_stg_test.js",
          "beforeHooks": [
            {
              "title": "\"before all\" hook: codeceptjs.beforeSuite",
              "fullTitle": "checkout \"before all\" hook: codeceptjs.beforeSuite",
              "timedOut": false,
              "duration": 0,
              "state": null,
              "speed": null,
              "pass": false,
              "fail": false,
              "pending": false,
              "context": null,
              "code": "scenario.suiteSetup(suite)",
              "err": {},
              "uuid": "a280926d-ba07-49e4-93bd-47ffa213da70",
              "parentUUID": null,
              "isHook": true,
              "skipped": false
            },
            {
              "title": "\"before each\" hook: codeceptjs.before",
              "fullTitle": "checkout \"before each\" hook: codeceptjs.before",
              "timedOut": false,
              "duration": 0,
              "state": null,
              "speed": null,
              "pass": false,
              "fail": false,
              "pending": false,
              "context": null,
              "code": "scenario.setup(suite)",
              "err": {},
              "uuid": "86d03a45-bbb5-4342-aec4-505a7d123774",
              "parentUUID": null,
              "isHook": true,
              "skipped": false
            }
          ],
          "afterHooks": [
            {
              "title": "\"after all\" hook: codeceptjs.afterSuite",
              "fullTitle": "checkout \"after all\" hook: codeceptjs.afterSuite",
              "timedOut": false,
              "duration": 0,
              "state": null,
              "speed": null,
              "pass": false,
              "fail": false,
              "pending": false,
              "context": null,
              "code": "scenario.suiteTeardown(suite)",
              "err": {},
              "uuid": "63d105fb-49ee-4ca5-a062-a219fe3ec5ab",
              "parentUUID": null,
              "isHook": true,
              "skipped": false
            },
            {
              "title": "\"after each\" hook: finalize codeceptjs",
              "fullTitle": "checkout \"after each\" hook: finalize codeceptjs",
              "timedOut": false,
              "duration": 0,
              "state": null,
              "speed": null,
              "pass": false,
              "fail": false,
              "pending": false,
              "context": null,
              "code": "scenario.teardown(suite)",
              "err": {},
              "uuid": "6e66b358-3829-4731-93a9-88e2320427ef",
              "parentUUID": null,
              "isHook": true,
              "skipped": false
            }
          ],
          "tests": [
            {
              "title": "guest_checkout_bopis_sth_visa_stg",
              "fullTitle": "checkout: guest_checkout_bopis_sth_visa_stg",
              "timedOut": false,
              "duration": 0,
              "state": null,
              "speed": null,
              "pass": false,
              "fail": false,
              "pending": false,
              "context": null,
              "code": "I,\nhomePage,\nproductDetailsPage,\nshoppingBagPage,\nyourInformationPage,\nshippingPage,\npaymentPage,\nconfirmationPage,\n  }) => {\nhomePage.openHomePageStg();\nhomePage.searchProduct(productId.id3);\nproductDetailsPage.addBopisAndShipToHomeProductsToBag(bopis.zipCode);\nproductDetailsPage.navigateToShoppingBag();\nshoppingBagPage.navigateToYourInformationStep();\nyourInformationPage.fillShippingForm(\n  shippingAddress.firstName,\n  shippingAddress.lastName,\n  shippingAddress.address1,\n  shippingAddress.addres2,\n  shippingAddress.city,\n  shippingAddress.state,\n  shippingAddress.zipCode,\n  shippingAddress.emailAddress,\n  shippingAddress.phoneNumber\n);\nyourInformationPage.navigateToShippingPage();\nshippingPage.navigateToPaymentPage();\npaymentPage.fillOutCreditCardform(\n  creditCardVisa.creditCardNumber,\n  creditCardVisa.expDate,\n  creditCardVisa.cvv\n);\npaymentPage.placeOrder();\nconfirmationPage.checkOrder();",
              "err": {},
              "uuid": "65488459-e735-46e2-a982-f00b102ddd2c",
              "parentUUID": null,
              "isHook": false,
              "skipped": true
            }
          ],
          "suites": [],
          "passes": [],
          "failures": [],
          "pending": [],
          "skipped": [
            "65488459-e735-46e2-a982-f00b102ddd2c"
          ],
          "duration": 0,
          "root": false,
          "rootEmpty": false,
          "_timeout": 0
        },
        {
          "uuid": "377a58a5-d198-44a3-a234-b10e1476c0de",
          "title": "checkout",
          "fullFile": "D:\\Puppeteer_frameworks\\AS\\tests\\guest_user_stg\\guest_checkout_discover_stg.js",
          "file": "\\tests\\guest_user_stg\\guest_checkout_discover_stg.js",
          "beforeHooks": [
            {
              "title": "\"before all\" hook: codeceptjs.beforeSuite",
              "fullTitle": "checkout \"before all\" hook: codeceptjs.beforeSuite",
              "timedOut": false,
              "duration": 0,
              "state": null,
              "speed": null,
              "pass": false,
              "fail": false,
              "pending": false,
              "context": null,
              "code": "scenario.suiteSetup(suite)",
              "err": {},
              "uuid": "275a47aa-db5b-4196-9682-f2e4928acb46",
              "parentUUID": null,
              "isHook": true,
              "skipped": false
            },
            {
              "title": "\"before each\" hook: codeceptjs.before",
              "fullTitle": "checkout \"before each\" hook: codeceptjs.before",
              "timedOut": false,
              "duration": 0,
              "state": null,
              "speed": null,
              "pass": false,
              "fail": false,
              "pending": false,
              "context": null,
              "code": "scenario.setup(suite)",
              "err": {},
              "uuid": "f7c20dc4-e6f6-4d2a-ab5a-bf68ec1cc63c",
              "parentUUID": null,
              "isHook": true,
              "skipped": false
            }
          ],
          "afterHooks": [
            {
              "title": "\"after all\" hook: codeceptjs.afterSuite",
              "fullTitle": "checkout \"after all\" hook: codeceptjs.afterSuite",
              "timedOut": false,
              "duration": 0,
              "state": null,
              "speed": null,
              "pass": false,
              "fail": false,
              "pending": false,
              "context": null,
              "code": "scenario.suiteTeardown(suite)",
              "err": {},
              "uuid": "8eef7f14-7c7f-424e-b814-d0391e364f89",
              "parentUUID": null,
              "isHook": true,
              "skipped": false
            },
            {
              "title": "\"after each\" hook: finalize codeceptjs",
              "fullTitle": "checkout \"after each\" hook: finalize codeceptjs",
              "timedOut": false,
              "duration": 0,
              "state": null,
              "speed": null,
              "pass": false,
              "fail": false,
              "pending": false,
              "context": null,
              "code": "scenario.teardown(suite)",
              "err": {},
              "uuid": "3ddfa29a-0408-4002-819f-71a8659c1869",
              "parentUUID": null,
              "isHook": true,
              "skipped": false
            }
          ],
          "tests": [
            {
              "title": "guest_checkout_discover_stg",
              "fullTitle": "checkout: guest_checkout_discover_stg",
              "timedOut": false,
              "duration": 0,
              "state": null,
              "speed": null,
              "pass": false,
              "fail": false,
              "pending": false,
              "context": null,
              "code": "I,\nhomePage,\nproductLandingPage,\nproductDetailsPage,\nshoppingBagPage,\nyourInformationPage,\nshippingPage,\npaymentPage,\nconfirmationPage,\n  }) => {\nhomePage.openHomePageStg();\nhomePage.searchProduct(productId.id);\nproductDetailsPage.addProductToBag();\nproductDetailsPage.navigateToShoppingBag();\nshoppingBagPage.navigateToYourInformationStep();\nyourInformationPage.fillShippingForm(\n  shippingAddress.firstName,\n  shippingAddress.lastName,\n  shippingAddress.address1,\n  shippingAddress.addres2,\n  shippingAddress.city,\n  shippingAddress.state,\n  shippingAddress.zipCode,\n  shippingAddress.emailAddress,\n  shippingAddress.phoneNumber\n);\nyourInformationPage.navigateToShippingPage();\nshippingPage.navigateToPaymentPage();\npaymentPage.fillOutCreditCardform(\n  creditCardDiscover.creditCardNumber,\n  creditCardDiscover.expDate,\n  creditCardDiscover.cvv\n);\npaymentPage.placeOrder();\nconfirmationPage.checkOrder();",
              "err": {},
              "uuid": "b7687655-b752-4227-9eaf-520a422db241",
              "parentUUID": null,
              "isHook": false,
              "skipped": true
            }
          ],
          "suites": [],
          "passes": [],
          "failures": [],
          "pending": [],
          "skipped": [
            "b7687655-b752-4227-9eaf-520a422db241"
          ],
          "duration": 0,
          "root": false,
          "rootEmpty": false,
          "_timeout": 0
        },
        {
          "uuid": "47d681cc-81c9-45df-b853-1b6577e8804e",
          "title": "checkout",
          "fullFile": "D:\\Puppeteer_frameworks\\AS\\tests\\guest_user_stg\\guest_checkout_master_card_stg.js",
          "file": "\\tests\\guest_user_stg\\guest_checkout_master_card_stg.js",
          "beforeHooks": [
            {
              "title": "\"before all\" hook: codeceptjs.beforeSuite",
              "fullTitle": "checkout \"before all\" hook: codeceptjs.beforeSuite",
              "timedOut": false,
              "duration": 0,
              "state": null,
              "speed": null,
              "pass": false,
              "fail": false,
              "pending": false,
              "context": null,
              "code": "scenario.suiteSetup(suite)",
              "err": {},
              "uuid": "3011d2c9-5071-4330-a072-1723c41a2cdb",
              "parentUUID": null,
              "isHook": true,
              "skipped": false
            },
            {
              "title": "\"before each\" hook: codeceptjs.before",
              "fullTitle": "checkout \"before each\" hook: codeceptjs.before",
              "timedOut": false,
              "duration": 0,
              "state": null,
              "speed": null,
              "pass": false,
              "fail": false,
              "pending": false,
              "context": null,
              "code": "scenario.setup(suite)",
              "err": {},
              "uuid": "77118ed2-0217-412a-b1c4-b01895dbf359",
              "parentUUID": null,
              "isHook": true,
              "skipped": false
            }
          ],
          "afterHooks": [
            {
              "title": "\"after all\" hook: codeceptjs.afterSuite",
              "fullTitle": "checkout \"after all\" hook: codeceptjs.afterSuite",
              "timedOut": false,
              "duration": 0,
              "state": null,
              "speed": null,
              "pass": false,
              "fail": false,
              "pending": false,
              "context": null,
              "code": "scenario.suiteTeardown(suite)",
              "err": {},
              "uuid": "05c2af60-3efc-43ae-b710-3e9c2e63f8b7",
              "parentUUID": null,
              "isHook": true,
              "skipped": false
            },
            {
              "title": "\"after each\" hook: finalize codeceptjs",
              "fullTitle": "checkout \"after each\" hook: finalize codeceptjs",
              "timedOut": false,
              "duration": 0,
              "state": null,
              "speed": null,
              "pass": false,
              "fail": false,
              "pending": false,
              "context": null,
[...]
              "title": "\"before each\" hook: codeceptjs.before in \"checkout\"",
              "fullTitle": "checkout \"before each\" hook: codeceptjs.before in \"checkout\"",
              "timedOut": false,
              "duration": 2587,
              "state": null,
              "speed": null,
              "pass": false,
              "fail": false,
              "pending": false,
              "context": null,
              "code": "scenario.setup(suite)",
              "err": {},
              "uuid": "184772f4-a36f-4a90-8745-71de18b9a970",
              "parentUUID": "ec0f08a7-2dd6-403c-9ae6-61e41d938c37",
              "isHook": true,
              "skipped": false
            }
          ],
          "afterHooks": [
            {
              "title": "\"after all\" hook: codeceptjs.afterSuite in \"checkout\"",
              "fullTitle": "checkout \"after all\" hook: codeceptjs.afterSuite in \"checkout\"",
              "timedOut": false,
              "duration": 0,
              "state": null,
              "speed": null,
              "pass": false,
              "fail": false,
              "pending": false,
              "context": null,
              "code": "scenario.suiteTeardown(suite)",
              "err": {},
              "uuid": "8c537d7a-fe3f-41d3-90c3-9bb55779e62a",
              "parentUUID": "ec0f08a7-2dd6-403c-9ae6-61e41d938c37",
              "isHook": true,
              "skipped": false
            },
            {
              "title": "\"after each\" hook: finalize codeceptjs in \"checkout\"",
              "fullTitle": "checkout \"after each\" hook: finalize codeceptjs in \"checkout\"",
              "timedOut": false,
              "duration": 524,
              "state": null,
              "speed": null,
              "pass": false,
              "fail": false,
              "pending": false,
              "context": null,
              "code": "scenario.teardown(suite)",
              "err": {},
              "uuid": "1e1961a2-c039-499e-93c0-32483dd9feeb",
              "parentUUID": "ec0f08a7-2dd6-403c-9ae6-61e41d938c37",
              "isHook": true,
              "skipped": false
            }
          ],
          "tests": [
            {
              "title": "dev_registered_user_checkout_amex",
              "fullTitle": "checkout: dev_registered_user_checkout_amex",
              "timedOut": false,
              "duration": 30800,
              "state": "failed",
              "speed": null,
              "pass": false,
              "fail": true,
              "pending": false,
              "context": null,
              "code": "I,\nhomePage,\nproductLandingPage,\nproductDetailsPage,\nshoppingBagPage,\nshippingPage,\npaymentPage,\nconfirmationPage,\n  }) => {\nI.login(registeredUser.emailAddress, registeredUser.password);\nhomePage.openHomePage();\n//homePage.searchProduct(productId.id);\nproductDetailsPage.addProductToBag();\nproductDetailsPage.navigateToShoppingBag();\nshoppingBagPage.navigateToShippingStepRegisteredUser();\nshippingPage.navigateToPaymentPage();\npaymentPage.fillOutCreditCardform(\n  creditCardAmex.creditCardNumber,\n  creditCardAmex.expDate,\n  creditCardAmex.cvv\n);\npaymentPage.placeOrder();\nconfirmationPage.checkOrder();",
              "err": {
                "message": "Error: Clickable element \"{\"xpath\":\"//button[@class=\\\"base-swatch size-attribute\\\"]//span[contains(text(), \\\"18/20\\\")]\"}\" was not found by text|CSS|XPath",
                "estack": "Error: Clickable element \"{\"xpath\":\"//button[@class=\\\"base-swatch size-attribute\\\"]//span[contains(text(), \\\"18/20\\\")]\"}\" was not found by text|CSS|XPath\n    at new ElementNotFound (node_modules\\codeceptjs\\lib\\helper\\errors\\ElementNotFound.js:14:11)\n    at assertElementExists (node_modules\\codeceptjs\\lib\\helper\\Puppeteer.js:2556:11)\n    at Puppeteer.proceedClick (node_modules\\codeceptjs\\lib\\helper\\Puppeteer.js:2314:5)\n    at process.processTicksAndRejections (node:internal/process/task_queues:95:5)",
                "diff": null
              },
              "uuid": "376d867b-efaf-4aa2-9db0-4e450e537cf7",
              "parentUUID": "ec0f08a7-2dd6-403c-9ae6-61e41d938c37",
              "isHook": false,
              "skipped": false
            }
          ],
          "suites": [],
          "passes": [],
          "failures": [
            "376d867b-efaf-4aa2-9db0-4e450e537cf7"
          ],
          "pending": [],
          "skipped": [],
          "duration": 30800,
          "root": false,
          "rootEmpty": false,
          "_timeout": 0
        },
        {
          "uuid": "db5191f1-da1d-47fd-b04e-ae867fee5642",
          "title": "checkout",
          "fullFile": "D:\\Puppeteer_frameworks\\AS\\tests\\registered_user_dev\\dev_registered_user_checkout_discover.js",
          "file": "\\tests\\registered_user_dev\\dev_registered_user_checkout_discover.js",
          "beforeHooks": [
            {
              "title": "\"before all\" hook: codeceptjs.beforeSuite in \"checkout\"",
              "fullTitle": "checkout \"before all\" hook: codeceptjs.beforeSuite in \"checkout\"",
              "timedOut": false,
              "duration": 0,
              "state": null,
              "speed": null,
              "pass": false,
              "fail": false,
              "pending": false,
              "context": null,
              "code": "scenario.suiteSetup(suite)",
              "err": {},
              "uuid": "eda38a0a-6549-4933-b197-0b2bf6776a95",
              "parentUUID": "db5191f1-da1d-47fd-b04e-ae867fee5642",
              "isHook": true,
              "skipped": false
            },
            {
              "title": "\"before each\" hook: codeceptjs.before in \"checkout\"",
              "fullTitle": "checkout \"before each\" hook: codeceptjs.before in \"checkout\"",
              "timedOut": false,
              "duration": 811,
              "state": null,
              "speed": null,
              "pass": false,
              "fail": false,
              "pending": false,
              "context": null,
              "code": "scenario.setup(suite)",
              "err": {},
              "uuid": "7f734798-8bf9-45a0-bef7-e5fe2a51f107",
              "parentUUID": "db5191f1-da1d-47fd-b04e-ae867fee5642",
              "isHook": true,
              "skipped": false
            }
          ],
          "afterHooks": [
            {
              "title": "\"after all\" hook: codeceptjs.afterSuite in \"checkout\"",
              "fullTitle": "checkout \"after all\" hook: codeceptjs.afterSuite in \"checkout\"",
              "timedOut": false,
              "duration": 0,
              "state": null,
              "speed": null,
              "pass": false,
              "fail": false,
              "pending": false,
              "context": null,
              "code": "scenario.suiteTeardown(suite)",
              "err": {},
              "uuid": "a33bc4a6-795b-4e8e-b7c9-50b76a7e228a",
              "parentUUID": "db5191f1-da1d-47fd-b04e-ae867fee5642",
              "isHook": true,
              "skipped": false
            },
            {
              "title": "\"after each\" hook: finalize codeceptjs in \"checkout\"",
              "fullTitle": "checkout \"after each\" hook: finalize codeceptjs in \"checkout\"",
              "timedOut": false,
              "duration": 521,
              "state": null,
              "speed": null,
              "pass": false,
              "fail": false,
              "pending": false,
              "context": null,
              "code": "scenario.teardown(suite)",
              "err": {},
              "uuid": "25d41766-b8be-425b-8551-c34fb16474a9",
              "parentUUID": "db5191f1-da1d-47fd-b04e-ae867fee5642",
              "isHook": true,
              "skipped": false
            }
          ],
          "tests": [
            {
              "title": "dev_registered_user_checkout_discover",
              "fullTitle": "checkout: dev_registered_user_checkout_discover",
              "timedOut": false,
              "duration": 75316,
              "state": "passed",
              "speed": "slow",
              "pass": true,
              "fail": false,
              "pending": false,
              "context": null,
              "code": "I,\nhomePage,\nproductLandingPage,\nproductDetailsPage,\nshoppingBagPage,\nyourInformationPage,\nshippingPage,\npaymentPage,\nconfirmationPage,\n  }) => {\nI.login(registeredUser.emailAddress, registeredUser.password);\nhomePage.openHomePage();\nhomePage.searchProduct(productId.id);\nproductDetailsPage.addProductToBag();\nproductDetailsPage.navigateToShoppingBag();\nshoppingBagPage.navigateToShippingStepRegisteredUser();\nshippingPage.navigateToPaymentPage();\npaymentPage.fillOutCreditCardform(\n  creditCardDiscover.creditCardNumber,\n  creditCardDiscover.expDate,\n  creditCardDiscover.cvv\n);\npaymentPage.placeOrder();\nconfirmationPage.checkOrder();",
              "err": {},
              "uuid": "e08bda33-4ecc-485d-aa00-48fcaf118522",
              "parentUUID": "db5191f1-da1d-47fd-b04e-ae867fee5642",
              "isHook": false,
              "skipped": false
            }
          ],
          "suites": [],
          "passes": [
            "e08bda33-4ecc-485d-aa00-48fcaf118522"
          ],
          "failures": [],
          "pending": [],
          "skipped": [],
          "duration": 75316,
          "root": false,
          "rootEmpty": false,
          "_timeout": 0
        },
        {
          "uuid": "a044bc4c-e129-4552-9ab4-ac3c04e8ae94",
          "title": "checkout",
          "fullFile": "D:\\Puppeteer_frameworks\\AS\\tests\\registered_user_dev\\dev_registered_user_checkout_master_card.js",
          "file": "\\tests\\registered_user_dev\\dev_registered_user_checkout_master_card.js",
          "beforeHooks": [
            {
              "title": "\"before all\" hook: codeceptjs.beforeSuite in \"checkout\"",
              "fullTitle": "checkout \"before all\" hook: codeceptjs.beforeSuite in \"checkout\"",
              "timedOut": false,
              "duration": 1,
              "state": null,
              "speed": null,
              "pass": false,
              "fail": false,
              "pending": false,
              "context": null,
              "code": "scenario.suiteSetup(suite)",
              "err": {},
              "uuid": "881e8dd2-b498-4cc4-8d60-a70ef687d633",
              "parentUUID": "a044bc4c-e129-4552-9ab4-ac3c04e8ae94",
              "isHook": true,
              "skipped": false
            },
            {
              "title": "\"before each\" hook: codeceptjs.before in \"checkout\"",
              "fullTitle": "checkout \"before each\" hook: codeceptjs.before in \"checkout\"",
              "timedOut": false,
              "duration": 712,
              "state": null,
              "speed": null,
              "pass": false,
              "fail": false,
              "pending": false,
              "context": null,
              "code": "scenario.setup(suite)",
              "err": {},
              "uuid": "d19f40bd-dff1-4ffd-b6b1-3e6342ca1e0f",
              "parentUUID": "a044bc4c-e129-4552-9ab4-ac3c04e8ae94",
              "isHook": true,
              "skipped": false
            }
          ],
          "afterHooks": [
            {
              "title": "\"after all\" hook: codeceptjs.afterSuite in \"checkout\"",
              "fullTitle": "checkout \"after all\" hook: codeceptjs.afterSuite in \"checkout\"",
              "timedOut": false,
              "duration": 0,
              "state": null,
              "speed": null,
              "pass": false,
              "fail": false,
              "pending": false,
              "context": null,
              "code": "scenario.suiteTeardown(suite)",
              "err": {},
              "uuid": "eb142b60-a93e-4f6e-8477-79f63230af01",
              "parentUUID": "a044bc4c-e129-4552-9ab4-ac3c04e8ae94",
              "isHook": true,
              "skipped": false
            },
            {
              "title": "\"after each\" hook: finalize codeceptjs in \"checkout\"",
              "fullTitle": "checkout \"after each\" hook: finalize codeceptjs in \"checkout\"",
              "timedOut": false,
              "duration": 426,
              "state": null,
              "speed": null,
              "pass": false,
              "fail": false,
              "pending": false,
              "context": null,
              "code": "scenario.teardown(suite)",
              "err": {},
              "uuid": "d8cb033a-b253-4b7b-9003-c9e502d3e0aa",
              "parentUUID": "a044bc4c-e129-4552-9ab4-ac3c04e8ae94",
              "isHook": true,
              "skipped": false
            }
          ],
          "tests": [
            {
              "title": "dev_registered_user_checkout_master_card",
              "fullTitle": "checkout: dev_registered_user_checkout_master_card",
              "timedOut": false,
              "duration": 75709,
              "state": "passed",
              "speed": "slow",
              "pass": true,
              "fail": false,
              "pending": false,
              "context": null,
              "code": "I,\nhomePage,\nproductLandingPage,\nproductDetailsPage,\nshoppingBagPage,\nyourInformationPage,\nshippingPage,\npaymentPage,\nconfirmationPage,\n  }) => {\nI.login(registeredUser.emailAddress, registeredUser.password);\nhomePage.openHomePage();\nhomePage.searchProduct(productId.id);\nproductDetailsPage.addProductToBag();\nproductDetailsPage.navigateToShoppingBag();\nshoppingBagPage.navigateToShippingStepRegisteredUser();\nshippingPage.navigateToPaymentPage();\npaymentPage.fillOutCreditCardform(\n  creditCardMasterCard.creditCardNumber,\n  creditCardMasterCard.expDate,\n  creditCardMasterCard.cvv\n);\npaymentPage.placeOrder();\nconfirmationPage.checkOrder();",
              "err": {},
              "uuid": "3d021985-8798-43e9-a93a-ecf9ca75a654",
              "parentUUID": "a044bc4c-e129-4552-9ab4-ac3c04e8ae94",
              "isHook": false,
              "skipped": false
            }
          ],
          "suites": [],
          "passes": [
            "3d021985-8798-43e9-a93a-ecf9ca75a654"
          ],
          "failures": [],
          "pending": [],
          "skipped": [],
          "duration": 75709,
          "root": false,
          "rootEmpty": false,
          "_timeout": 0
        },
        {
          "uuid": "fcd9e7e3-7246-4191-9741-3b8502526b1a",
          "title": "checkout",
          "fullFile": "D:\\Puppeteer_frameworks\\AS\\tests\\registered_user_dev\\dev_registered_user_checkout_visa.js",
          "file": "\\tests\\registered_user_dev\\dev_registered_user_checkout_visa.js",
          "beforeHooks": [
            {
              "title": "\"before all\" hook: codeceptjs.beforeSuite in \"checkout\"",
              "fullTitle": "checkout \"before all\" hook: codeceptjs.beforeSuite in \"checkout\"",
              "timedOut": false,
              "duration": 1,
              "state": null,
              "speed": null,
              "pass": false,
              "fail": false,
              "pending": false,
              "context": null,
              "code": "scenario.suiteSetup(suite)",
              "err": {},
              "uuid": "63f21aee-db4b-4977-a382-385b28dead76",
              "parentUUID": "fcd9e7e3-7246-4191-9741-3b8502526b1a",
              "isHook": true,
              "skipped": false
            },
            {
              "title": "\"before each\" hook: codeceptjs.before in \"checkout\"",
              "fullTitle": "checkout \"before each\" hook: codeceptjs.before in \"checkout\"",
              "timedOut": false,
              "duration": 815,
              "state": null,
              "speed": null,
              "pass": false,
              "fail": false,
              "pending": false,
              "context": null,
              "code": "scenario.setup(suite)",
              "err": {},
              "uuid": "88cccc05-aa3f-410d-a150-ee188405c752",
              "parentUUID": "fcd9e7e3-7246-4191-9741-3b8502526b1a",
              "isHook": true,
              "skipped": false
            }
          ],
          "afterHooks": [
            {
              "title": "\"after all\" hook: codeceptjs.afterSuite in \"checkout\"",
              "fullTitle": "checkout \"after all\" hook: codeceptjs.afterSuite in \"checkout\"",
              "timedOut": false,
              "duration": 0,
              "state": null,
              "speed": null,
              "pass": false,
              "fail": false,
              "pending": false,
              "context": null,
              "code": "scenario.suiteTeardown(suite)",
              "err": {},
              "uuid": "97650029-81bb-407c-a883-26c22c2bf07c",
              "parentUUID": "fcd9e7e3-7246-4191-9741-3b8502526b1a",
              "isHook": true,
              "skipped": false
            },
            {
              "title": "\"after each\" hook: finalize codeceptjs in \"checkout\"",
              "fullTitle": "checkout \"after each\" hook: finalize codeceptjs in \"checkout\"",
              "timedOut": false,
              "duration": 447,
              "state": null,
              "speed": null,
              "pass": false,
              "fail": false,
              "pending": false,
              "context": null,
              "code": "scenario.teardown(suite)",
              "err": {},
              "uuid": "35e64980-ad2a-483b-a8be-3ae1b07e944a",
              "parentUUID": "fcd9e7e3-7246-4191-9741-3b8502526b1a",
              "isHook": true,
              "skipped": false
            }
          ],
          "tests": [
            {
              "title": "dev_registered_user_checkout_visa",
              "fullTitle": "checkout: dev_registered_user_checkout_visa",
              "timedOut": false,
              "duration": 80853,
              "state": "passed",
              "speed": "slow",
              "pass": true,
              "fail": false,
              "pending": false,
              "context": null,
              "code": "I,\nhomePage,\nproductLandingPage,\nproductDetailsPage,\nshoppingBagPage,\nyourInformationPage,\nshippingPage,\npaymentPage,\nconfirmationPage,\n  }) => {\nI.login(registeredUser.emailAddress, registeredUser.password);\nhomePage.openHomePage();\nhomePage.searchProduct(productId.id);\nproductDetailsPage.addProductToBag();\nproductDetailsPage.navigateToShoppingBag();\nshoppingBagPage.navigateToShippingStepRegisteredUser();\nshippingPage.navigateToPaymentPage();\npaymentPage.fillOutCreditCardform(\n  creditCardVisa.creditCardNumber,\n  creditCardVisa.expDate,\n  creditCardVisa.cvv\n);\npaymentPage.placeOrder();\nconfirmationPage.checkOrder();",
              "err": {},
              "uuid": "2011e92e-9afa-47d1-a8e6-0621af564577",
              "parentUUID": "fcd9e7e3-7246-4191-9741-3b8502526b1a",
              "isHook": false,
              "skipped": false
            }
          ],
          "suites": [],
          "passes": [
            "2011e92e-9afa-47d1-a8e6-0621af564577"
          ],
          "failures": [],
          "pending": [],
          "skipped": [],
          "duration": 80853,
          "root": false,
          "rootEmpty": false,
          "_timeout": 0
        }
      ],
      "passes": [],
      "failures": [],
      "pending": [],
      "skipped": [],
      "duration": 0,
      "root": true,
      "rootEmpty": true,
      "_timeout": 0
    }
  ],
  "meta": {
    "mocha": {
      "version": "10.2.0"
    },
    "mochawesome": {
      "options": {
        "quiet": false,
        "reportFilename": "mochawesome",
        "saveHtml": true,
        "saveJson": true,
        "consoleReporter": "spec",
        "useInlineDiffs": false,
        "code": true
      },
      "version": "7.1.3"
    },
    "marge": {
      "options": {},
      "version": "6.2.0"
    }
  }
}